<?xml version="1.0" encoding="UTF-8"?>
<!-- Generated by org.testng.reporters.JUnitReportReporter -->
<testsuite hostname="LAPTOP-D4RH5SI9" failures="0" tests="1" name="Jenkins.Parameters" time="0.018" errors="0" timestamp="2023-12-03T19:30:16 GMT+05:30" skipped="0">
  <testcase classname="Jenkins.Parameters" name="demo" time="0.018"/>
  <system-out/>
</testsuite> <!-- Jenkins.Parameters -->
